<?xml version="1.0" encoding="UTF-8"?>
<!-- Generated by org.testng.reporters.JUnitReportReporter -->
<testsuite skipped="0" hostname="HDC2-L-2CF7QQ2" name="def.SampleTest" tests="2" failures="0" timestamp="28 Sep 2018 04:54:31 GMT" time="12.417" errors="0">
  <testcase name="baseTest" time="5.829" classname="def.SampleTest"/>
  <testcase name="tLogin" time="6.588" classname="def.SampleTest"/>
</testsuite> <!-- def.SampleTest -->
